{
	"numFailedTestSuites": 0,
	"numFailedTests": 0,
	"numPassedTestSuites": 2,
	"numPassedTests": 3,
	"numPendingTestSuites": 0,
	"numPendingTests": 0,
	"numRuntimeErrorTestSuites": 0,
	"numTodoTests": 0,
	"numTotalTestSuites": 2,
	"numTotalTests": 3,
	"openHandles": [],
	"snapshot": {
		"added": 0,
		"didUpdate": false,
		"failure": false,
		"filesAdded": 0,
		"filesRemoved": 0,
		"filesRemovedList": [],
		"filesUnmatched": 0,
		"filesUpdated": 0,
		"matched": 0,
		"total": 0,
		"unchecked": 0,
		"uncheckedKeysByFile": [],
		"unmatched": 0,
		"updated": 0
	},
	"startTime": 1723459805514,
	"success": true,
	"testResults": [
		{
			"assertionResults": [
				{
					"ancestorTitles": ["Root page test"],
					"duration": 204,
					"failureDetails": [],
					"failureMessages": [],
					"fullName": "Root page test should find root-page id",
					"invocations": 1,
					"location": null,
					"numPassingAsserts": 1,
					"retryReasons": [],
					"status": "passed",
					"title": "should find root-page id"
				}
			],
			"endTime": 1723459863986,
			"message": "",
			"name": "C:\\Users\\usuario\\Desktop\\Marcos\\Programacion\\Mis Proyectos\\next-base\\__test__\\app\\page.test.tsx",
			"startTime": 1723459843868,
			"status": "passed",
			"summary": ""
		},
		{
			"assertionResults": [
				{
					"ancestorTitles": ["Button test"],
					"duration": 210,
					"failureDetails": [],
					"failureMessages": [],
					"fullName": "Button test should render child",
					"invocations": 1,
					"location": null,
					"numPassingAsserts": 1,
					"retryReasons": [],
					"status": "passed",
					"title": "should render child"
				},
				{
					"ancestorTitles": ["Button test"],
					"duration": 31,
					"failureDetails": [],
					"failureMessages": [],
					"fullName": "Button test should find testid",
					"invocations": 1,
					"location": null,
					"numPassingAsserts": 1,
					"retryReasons": [],
					"status": "passed",
					"title": "should find testid"
				}
			],
			"endTime": 1723459864034,
			"message": "",
			"name": "C:\\Users\\usuario\\Desktop\\Marcos\\Programacion\\Mis Proyectos\\next-base\\__test__\\components\\core\\Button.test.tsx",
			"startTime": 1723459843865,
			"status": "passed",
			"summary": ""
		}
	],
	"wasInterrupted": false
}
